<?xml version="1.0" encoding="UTF-8"?>
<testng-results total="1" passed="1" failed="0" skipped="0">
  <reporter-output>
  </reporter-output>
  <suite started-at="2026-05-24T07:35:34Z" name="Suite" finished-at="2026-05-24T07:35:40Z" duration-ms="5936">
    <groups>
    </groups>
    <test started-at="2026-05-24T07:35:34Z" name="Test" finished-at="2026-05-24T07:35:40Z" duration-ms="5936">
      <class name="com.practice.selenium.TestLogin">
        <test-method signature="testLogin()[pri:0, instance:com.practice.selenium.TestLogin@7d68ef40]" started-at="2026-05-24T13:05:34Z" name="testLogin" finished-at="2026-05-24T13:05:40Z" duration-ms="5934" status="PASS">
          <reporter-output>
          </reporter-output>
        </test-method> <!-- testLogin -->
      </class> <!-- com.practice.selenium.TestLogin -->
    </test> <!-- Test -->
  </suite> <!-- Suite -->
</testng-results>
